<?xml version="1.0" encoding="UTF-8"?>
<!-- Generated by org.testng.reporters.JUnitReportReporter -->
<testsuite hostname="DESKTOP-LFB9P6R" failures="0" tests="2" name="com.firebase.tests.Login.LoginTest" time="23.415" errors="0" timestamp="2022-01-31T11:27:37 PST" skipped="0">
  <testcase classname="com.firebase.tests.Login.LoginTest" name="validLoginTest" time="12.929"/>
  <system-out/>
  <testcase classname="com.firebase.tests.Login.LoginTest" name="invalidLoginTest" time="10.486"/>
  <system-out/>
</testsuite> <!-- com.firebase.tests.Login.LoginTest -->
